2020-03-17 11:49:52,511 [Worker-3: Loading available Gradle versions] INFO  o.e.b.c.i.u.g.PublishedGradleVersions - Gradle version information cache is not available. Remote download required.
2020-03-17 11:53:59,555 [Worker-4: Loading available Gradle versions] INFO  o.e.b.c.i.u.g.PublishedGradleVersions - Gradle version information cache is up-to-date. Trying to read.
2020-03-17 11:55:27,116 [Worker-1: Updating Maven Dependencies] INFO  o.e.m.c.i.e.AbstractTransferListenerAdapter - Downloading https://repo.maven.apache.org/maven2/org/apache/maven/plugins/maven-clean-plugin/2.5/maven-clean-plugin-2.5.jar
2020-03-17 11:55:27,804 [Worker-1: Updating Maven Dependencies] INFO  o.e.m.c.i.e.AbstractTransferListenerAdapter - Downloaded https://repo.maven.apache.org/maven2/org/apache/maven/plugins/maven-clean-plugin/2.5/maven-clean-plugin-2.5.jar
2020-03-17 11:55:29,082 [Worker-1: Updating Maven Dependencies] INFO  o.e.m.c.i.e.AbstractTransferListenerAdapter - Downloading https://repo.maven.apache.org/maven2/org/apache/maven/plugins/maven-resources-plugin/2.6/maven-resources-plugin-2.6.jar
2020-03-17 11:55:29,555 [Worker-1: Updating Maven Dependencies] INFO  o.e.m.c.i.e.AbstractTransferListenerAdapter - Downloaded https://repo.maven.apache.org/maven2/org/apache/maven/plugins/maven-resources-plugin/2.6/maven-resources-plugin-2.6.jar
2020-03-17 11:55:31,168 [Worker-1: Updating Maven Dependencies] INFO  o.e.m.c.i.e.AbstractTransferListenerAdapter - Downloading https://repo.maven.apache.org/maven2/org/apache/maven/plugins/maven-surefire-plugin/2.12.4/maven-surefire-plugin-2.12.4.jar
2020-03-17 11:55:31,811 [Worker-1: Updating Maven Dependencies] INFO  o.e.m.c.i.e.AbstractTransferListenerAdapter - Downloaded https://repo.maven.apache.org/maven2/org/apache/maven/plugins/maven-surefire-plugin/2.12.4/maven-surefire-plugin-2.12.4.jar
2020-03-17 11:55:32,500 [Worker-1: Updating Maven Dependencies] INFO  o.e.m.c.i.e.AbstractTransferListenerAdapter - Downloading https://repo.maven.apache.org/maven2/org/apache/maven/plugins/maven-jar-plugin/2.4/maven-jar-plugin-2.4.jar
2020-03-17 11:55:33,199 [Worker-1: Updating Maven Dependencies] INFO  o.e.m.c.i.e.AbstractTransferListenerAdapter - Downloaded https://repo.maven.apache.org/maven2/org/apache/maven/plugins/maven-jar-plugin/2.4/maven-jar-plugin-2.4.jar
2020-03-17 11:55:35,339 [Worker-1: Updating Maven Dependencies] INFO  o.e.m.c.i.e.AbstractTransferListenerAdapter - Downloading https://repo.maven.apache.org/maven2/org/apache/maven/plugins/maven-site-plugin/3.3/maven-site-plugin-3.3.jar
2020-03-17 11:55:35,605 [Worker-1: Updating Maven Dependencies] INFO  o.e.m.c.i.e.AbstractTransferListenerAdapter - Downloaded https://repo.maven.apache.org/maven2/org/apache/maven/plugins/maven-site-plugin/3.3/maven-site-plugin-3.3.jar
2020-03-17 11:55:48,681 [Worker-10: Building] INFO  o.e.m.c.i.e.AbstractTransferListenerAdapter - Downloading https://repo.maven.apache.org/maven2/org/antlr/antlr4-maven-plugin/4.5.2/antlr4-maven-plugin-4.5.2.pom
2020-03-17 11:55:48,820 [Worker-10: Building] INFO  o.e.m.c.i.e.AbstractTransferListenerAdapter - Downloaded https://repo.maven.apache.org/maven2/org/antlr/antlr4-maven-plugin/4.5.2/antlr4-maven-plugin-4.5.2.pom
2020-03-17 11:55:48,971 [Worker-10: Building] INFO  o.e.m.c.i.e.AbstractTransferListenerAdapter - Downloading https://repo.maven.apache.org/maven2/org/antlr/antlr4-master/4.5.2/antlr4-master-4.5.2.pom
2020-03-17 11:55:49,118 [Worker-10: Building] INFO  o.e.m.c.i.e.AbstractTransferListenerAdapter - Downloaded https://repo.maven.apache.org/maven2/org/antlr/antlr4-master/4.5.2/antlr4-master-4.5.2.pom
2020-03-17 11:55:49,262 [Worker-10: Building] INFO  o.e.m.c.i.e.AbstractTransferListenerAdapter - Downloading https://repo.maven.apache.org/maven2/org/antlr/antlr4-maven-plugin/4.5.2/antlr4-maven-plugin-4.5.2.jar
2020-03-17 11:55:49,533 [Worker-10: Building] INFO  o.e.m.c.i.e.AbstractTransferListenerAdapter - Downloaded https://repo.maven.apache.org/maven2/org/antlr/antlr4-maven-plugin/4.5.2/antlr4-maven-plugin-4.5.2.jar
2020-03-17 11:55:50,195 [Worker-1: Updating Maven Dependencies] INFO  o.e.m.c.i.l.LifecycleMappingFactory - Using org.eclipse.m2e.jdt.JarLifecycleMapping lifecycle mapping for MavenProject: org.jpavlich:agent-lib:0.0.1-SNAPSHOT @ D:\Datos\Documents\Sergio Andrés\Javeriana\VII Semestre\Lenguajes de Programación\workspace\agent-lib\pom.xml.
2020-03-17 11:55:50,314 [Worker-10: Building] INFO  o.e.m.c.i.l.LifecycleMappingFactory - Using org.eclipse.m2e.jdt.JarLifecycleMapping lifecycle mapping for MavenProject: co.edu.javeriana:car:0.0.1-SNAPSHOT @ D:\Datos\Documents\Sergio Andrés\Javeriana\VII Semestre\Lenguajes de Programación\workspace\Car\pom.xml.
2020-03-17 11:55:50,569 [Worker-1: Updating Maven Dependencies] INFO  o.e.m.c.i.e.AbstractTransferListenerAdapter - Downloading https://repo.maven.apache.org/maven2/org/processing/core/3.3.7/core-3.3.7.pom
2020-03-17 11:55:50,701 [Worker-10: Building] INFO  o.e.m.c.i.e.AbstractTransferListenerAdapter - Downloading https://repo.maven.apache.org/maven2/org/antlr/antlr4-runtime/4.5.2/antlr4-runtime-4.5.2.pom
2020-03-17 11:55:50,849 [Worker-10: Building] INFO  o.e.m.c.i.e.AbstractTransferListenerAdapter - Downloaded https://repo.maven.apache.org/maven2/org/antlr/antlr4-runtime/4.5.2/antlr4-runtime-4.5.2.pom
2020-03-17 11:55:50,849 [Worker-1: Updating Maven Dependencies] INFO  o.e.m.c.i.e.AbstractTransferListenerAdapter - Downloaded https://repo.maven.apache.org/maven2/org/processing/core/3.3.7/core-3.3.7.pom
2020-03-17 11:55:50,950 [Worker-1: Updating Maven Dependencies] INFO  o.e.m.c.i.e.AbstractTransferListenerAdapter - Downloading https://repo.maven.apache.org/maven2/org/processing/processing-complete/3.3.7/processing-complete-3.3.7.pom
2020-03-17 11:55:50,960 [Worker-10: Building] INFO  o.e.m.c.i.e.AbstractTransferListenerAdapter - Downloading https://repo.maven.apache.org/maven2/org/apache/maven/maven-plugin-api/3.0.5/maven-plugin-api-3.0.5.pom
2020-03-17 11:55:51,116 [Worker-1: Updating Maven Dependencies] INFO  o.e.m.c.i.e.AbstractTransferListenerAdapter - Downloaded https://repo.maven.apache.org/maven2/org/processing/processing-complete/3.3.7/processing-complete-3.3.7.pom
2020-03-17 11:55:51,116 [Worker-10: Building] INFO  o.e.m.c.i.e.AbstractTransferListenerAdapter - Downloaded https://repo.maven.apache.org/maven2/org/apache/maven/maven-plugin-api/3.0.5/maven-plugin-api-3.0.5.pom
2020-03-17 11:55:51,138 [Worker-1: Updating Maven Dependencies] WARN  o.e.m.c.i.embedder.EclipseLogger - The POM for org.processing:core:jar:3.3.7 is invalid, transitive dependencies (if any) will not be available, enable debug logging for more details
2020-03-17 11:55:51,223 [Worker-10: Building] INFO  o.e.m.c.i.e.AbstractTransferListenerAdapter - Downloading https://repo.maven.apache.org/maven2/org/apache/maven/maven/3.0.5/maven-3.0.5.pom
2020-03-17 11:55:51,286 [Worker-1: Updating Maven Dependencies] INFO  o.e.m.c.i.e.AbstractTransferListenerAdapter - Downloading https://repo.maven.apache.org/maven2/org/processing/core/3.3.7/core-3.3.7.jar
2020-03-17 11:55:51,464 [Worker-10: Building] INFO  o.e.m.c.i.e.AbstractTransferListenerAdapter - Downloaded https://repo.maven.apache.org/maven2/org/apache/maven/maven/3.0.5/maven-3.0.5.pom
2020-03-17 11:55:51,581 [Worker-10: Building] INFO  o.e.m.c.i.e.AbstractTransferListenerAdapter - Downloading https://repo.maven.apache.org/maven2/org/apache/maven/maven-model/3.0.5/maven-model-3.0.5.pom
2020-03-17 11:55:51,770 [Worker-10: Building] INFO  o.e.m.c.i.e.AbstractTransferListenerAdapter - Downloaded https://repo.maven.apache.org/maven2/org/apache/maven/maven-model/3.0.5/maven-model-3.0.5.pom
2020-03-17 11:55:51,856 [Worker-1: Updating Maven Dependencies] INFO  o.e.m.c.i.e.AbstractTransferListenerAdapter - Downloaded https://repo.maven.apache.org/maven2/org/processing/core/3.3.7/core-3.3.7.jar
2020-03-17 11:55:51,893 [Worker-10: Building] INFO  o.e.m.c.i.e.AbstractTransferListenerAdapter - Downloading https://repo.maven.apache.org/maven2/org/codehaus/plexus/plexus-utils/2.0.6/plexus-utils-2.0.6.pom
2020-03-17 11:55:52,042 [Worker-10: Building] INFO  o.e.m.c.i.e.AbstractTransferListenerAdapter - Downloaded https://repo.maven.apache.org/maven2/org/codehaus/plexus/plexus-utils/2.0.6/plexus-utils-2.0.6.pom
2020-03-17 11:55:52,305 [Worker-10: Building] INFO  o.e.m.c.i.e.AbstractTransferListenerAdapter - Downloading https://repo.maven.apache.org/maven2/org/apache/maven/maven-artifact/3.0.5/maven-artifact-3.0.5.pom
2020-03-17 11:55:52,446 [Worker-10: Building] INFO  o.e.m.c.i.e.AbstractTransferListenerAdapter - Downloaded https://repo.maven.apache.org/maven2/org/apache/maven/maven-artifact/3.0.5/maven-artifact-3.0.5.pom
2020-03-17 11:55:52,568 [Worker-10: Building] INFO  o.e.m.c.i.e.AbstractTransferListenerAdapter - Downloading https://repo.maven.apache.org/maven2/org/sonatype/sisu/sisu-inject-plexus/2.3.0/sisu-inject-plexus-2.3.0.pom
2020-03-17 11:55:52,667 [Worker-10: Building] INFO  o.e.m.c.i.e.AbstractTransferListenerAdapter - Downloaded https://repo.maven.apache.org/maven2/org/sonatype/sisu/sisu-inject-plexus/2.3.0/sisu-inject-plexus-2.3.0.pom
2020-03-17 11:55:52,772 [Worker-10: Building] INFO  o.e.m.c.i.e.AbstractTransferListenerAdapter - Downloading https://repo.maven.apache.org/maven2/org/sonatype/sisu/inject/guice-plexus/2.3.0/guice-plexus-2.3.0.pom
2020-03-17 11:55:52,879 [Worker-10: Building] INFO  o.e.m.c.i.e.AbstractTransferListenerAdapter - Downloaded https://repo.maven.apache.org/maven2/org/sonatype/sisu/inject/guice-plexus/2.3.0/guice-plexus-2.3.0.pom
2020-03-17 11:55:52,982 [Worker-10: Building] INFO  o.e.m.c.i.e.AbstractTransferListenerAdapter - Downloading https://repo.maven.apache.org/maven2/org/sonatype/sisu/inject/guice-bean/2.3.0/guice-bean-2.3.0.pom
2020-03-17 11:55:53,115 [Worker-10: Building] INFO  o.e.m.c.i.e.AbstractTransferListenerAdapter - Downloaded https://repo.maven.apache.org/maven2/org/sonatype/sisu/inject/guice-bean/2.3.0/guice-bean-2.3.0.pom
2020-03-17 11:55:53,220 [Worker-10: Building] INFO  o.e.m.c.i.e.AbstractTransferListenerAdapter - Downloading https://repo.maven.apache.org/maven2/org/sonatype/sisu/inject/containers/2.3.0/containers-2.3.0.pom
2020-03-17 11:55:53,430 [Worker-10: Building] INFO  o.e.m.c.i.e.AbstractTransferListenerAdapter - Downloaded https://repo.maven.apache.org/maven2/org/sonatype/sisu/inject/containers/2.3.0/containers-2.3.0.pom
2020-03-17 11:55:53,586 [Worker-10: Building] INFO  o.e.m.c.i.e.AbstractTransferListenerAdapter - Downloading https://repo.maven.apache.org/maven2/org/sonatype/sisu/sisu-inject/2.3.0/sisu-inject-2.3.0.pom
2020-03-17 11:55:53,738 [Worker-10: Building] INFO  o.e.m.c.i.e.AbstractTransferListenerAdapter - Downloaded https://repo.maven.apache.org/maven2/org/sonatype/sisu/sisu-inject/2.3.0/sisu-inject-2.3.0.pom
2020-03-17 11:55:53,842 [Worker-10: Building] INFO  o.e.m.c.i.e.AbstractTransferListenerAdapter - Downloading https://repo.maven.apache.org/maven2/org/sonatype/sisu/sisu-parent/2.3.0/sisu-parent-2.3.0.pom
2020-03-17 11:55:53,977 [Worker-10: Building] INFO  o.e.m.c.i.e.AbstractTransferListenerAdapter - Downloaded https://repo.maven.apache.org/maven2/org/sonatype/sisu/sisu-parent/2.3.0/sisu-parent-2.3.0.pom
2020-03-17 11:55:54,207 [Worker-10: Building] INFO  o.e.m.c.i.e.AbstractTransferListenerAdapter - Downloading https://repo.maven.apache.org/maven2/org/codehaus/plexus/plexus-classworlds/2.4/plexus-classworlds-2.4.pom
2020-03-17 11:55:54,331 [Worker-10: Building] INFO  o.e.m.c.i.e.AbstractTransferListenerAdapter - Downloaded https://repo.maven.apache.org/maven2/org/codehaus/plexus/plexus-classworlds/2.4/plexus-classworlds-2.4.pom
2020-03-17 11:55:54,612 [Worker-10: Building] INFO  o.e.m.c.i.e.AbstractTransferListenerAdapter - Downloading https://repo.maven.apache.org/maven2/org/sonatype/sisu/sisu-inject-bean/2.3.0/sisu-inject-bean-2.3.0.pom
2020-03-17 11:55:54,715 [Worker-10: Building] INFO  o.e.m.c.i.e.AbstractTransferListenerAdapter - Downloaded https://repo.maven.apache.org/maven2/org/sonatype/sisu/sisu-inject-bean/2.3.0/sisu-inject-bean-2.3.0.pom
2020-03-17 11:55:54,825 [Worker-10: Building] INFO  o.e.m.c.i.e.AbstractTransferListenerAdapter - Downloading https://repo.maven.apache.org/maven2/org/sonatype/sisu/sisu-guice/3.1.0/sisu-guice-3.1.0.pom
2020-03-17 11:55:54,944 [Worker-10: Building] INFO  o.e.m.c.i.e.AbstractTransferListenerAdapter - Downloaded https://repo.maven.apache.org/maven2/org/sonatype/sisu/sisu-guice/3.1.0/sisu-guice-3.1.0.pom
2020-03-17 11:55:55,051 [Worker-10: Building] INFO  o.e.m.c.i.e.AbstractTransferListenerAdapter - Downloading https://repo.maven.apache.org/maven2/org/sonatype/sisu/inject/guice-parent/3.1.0/guice-parent-3.1.0.pom
2020-03-17 11:55:55,205 [Worker-10: Building] INFO  o.e.m.c.i.e.AbstractTransferListenerAdapter - Downloaded https://repo.maven.apache.org/maven2/org/sonatype/sisu/inject/guice-parent/3.1.0/guice-parent-3.1.0.pom
2020-03-17 11:55:55,367 [Worker-10: Building] INFO  o.e.m.c.i.e.AbstractTransferListenerAdapter - Downloading https://repo.maven.apache.org/maven2/org/sonatype/sisu/sisu-guava/0.9.9/sisu-guava-0.9.9.pom
2020-03-17 11:55:55,468 [Worker-10: Building] INFO  o.e.m.c.i.e.AbstractTransferListenerAdapter - Downloaded https://repo.maven.apache.org/maven2/org/sonatype/sisu/sisu-guava/0.9.9/sisu-guava-0.9.9.pom
2020-03-17 11:55:55,577 [Worker-10: Building] INFO  o.e.m.c.i.e.AbstractTransferListenerAdapter - Downloading https://repo.maven.apache.org/maven2/org/sonatype/sisu/inject/guava-parent/0.9.9/guava-parent-0.9.9.pom
2020-03-17 11:55:55,924 [Worker-10: Building] INFO  o.e.m.c.i.e.AbstractTransferListenerAdapter - Downloaded https://repo.maven.apache.org/maven2/org/sonatype/sisu/inject/guava-parent/0.9.9/guava-parent-0.9.9.pom
2020-03-17 11:55:56,034 [Worker-10: Building] INFO  o.e.m.c.i.e.AbstractTransferListenerAdapter - Downloading https://repo.maven.apache.org/maven2/org/sonatype/sisu/inject/guice-bean-containers/2.3.0/guice-bean-containers-2.3.0.pom
2020-03-17 11:55:56,139 [Worker-10: Building] INFO  o.e.m.c.i.e.AbstractTransferListenerAdapter - Downloaded https://repo.maven.apache.org/maven2/org/sonatype/sisu/inject/guice-bean-containers/2.3.0/guice-bean-containers-2.3.0.pom
2020-03-17 11:55:56,251 [Worker-10: Building] INFO  o.e.m.c.i.e.AbstractTransferListenerAdapter - Downloading https://repo.maven.apache.org/maven2/javax/inject/javax.inject/1/javax.inject-1.pom
2020-03-17 11:55:56,353 [Worker-10: Building] INFO  o.e.m.c.i.e.AbstractTransferListenerAdapter - Downloaded https://repo.maven.apache.org/maven2/javax/inject/javax.inject/1/javax.inject-1.pom
2020-03-17 11:55:56,464 [Worker-10: Building] INFO  o.e.m.c.i.e.AbstractTransferListenerAdapter - Downloading https://repo.maven.apache.org/maven2/aopalliance/aopalliance/1.0/aopalliance-1.0.pom
2020-03-17 11:55:56,567 [Worker-10: Building] INFO  o.e.m.c.i.e.AbstractTransferListenerAdapter - Downloaded https://repo.maven.apache.org/maven2/aopalliance/aopalliance/1.0/aopalliance-1.0.pom
2020-03-17 11:55:56,673 [Worker-10: Building] INFO  o.e.m.c.i.e.AbstractTransferListenerAdapter - Downloading https://repo.maven.apache.org/maven2/org/sonatype/sisu/inject/guice-bean-reflect/2.3.0/guice-bean-reflect-2.3.0.pom
2020-03-17 11:55:56,776 [Worker-10: Building] INFO  o.e.m.c.i.e.AbstractTransferListenerAdapter - Downloaded https://repo.maven.apache.org/maven2/org/sonatype/sisu/inject/guice-bean-reflect/2.3.0/guice-bean-reflect-2.3.0.pom
2020-03-17 11:55:56,885 [Worker-10: Building] INFO  o.e.m.c.i.e.AbstractTransferListenerAdapter - Downloading https://repo.maven.apache.org/maven2/org/sonatype/sisu/inject/guice-bean-inject/2.3.0/guice-bean-inject-2.3.0.pom
2020-03-17 11:55:56,991 [Worker-10: Building] INFO  o.e.m.c.i.e.AbstractTransferListenerAdapter - Downloaded https://repo.maven.apache.org/maven2/org/sonatype/sisu/inject/guice-bean-inject/2.3.0/guice-bean-inject-2.3.0.pom
2020-03-17 11:55:57,115 [Worker-10: Building] INFO  o.e.m.c.i.e.AbstractTransferListenerAdapter - Downloading https://repo.maven.apache.org/maven2/org/sonatype/sisu/inject/guice-bean-locators/2.3.0/guice-bean-locators-2.3.0.pom
2020-03-17 11:55:57,236 [Worker-10: Building] INFO  o.e.m.c.i.e.AbstractTransferListenerAdapter - Downloaded https://repo.maven.apache.org/maven2/org/sonatype/sisu/inject/guice-bean-locators/2.3.0/guice-bean-locators-2.3.0.pom
2020-03-17 11:55:57,345 [Worker-10: Building] INFO  o.e.m.c.i.e.AbstractTransferListenerAdapter - Downloading https://repo.maven.apache.org/maven2/org/sonatype/sisu/inject/guice-bean-binders/2.3.0/guice-bean-binders-2.3.0.pom
2020-03-17 11:55:57,450 [Worker-10: Building] INFO  o.e.m.c.i.e.AbstractTransferListenerAdapter - Downloaded https://repo.maven.apache.org/maven2/org/sonatype/sisu/inject/guice-bean-binders/2.3.0/guice-bean-binders-2.3.0.pom
2020-03-17 11:55:57,559 [Worker-10: Building] INFO  o.e.m.c.i.e.AbstractTransferListenerAdapter - Downloading https://repo.maven.apache.org/maven2/javax/enterprise/cdi-api/1.0/cdi-api-1.0.pom
2020-03-17 11:55:57,658 [Worker-10: Building] INFO  o.e.m.c.i.e.AbstractTransferListenerAdapter - Downloaded https://repo.maven.apache.org/maven2/javax/enterprise/cdi-api/1.0/cdi-api-1.0.pom
2020-03-17 11:55:57,763 [Worker-10: Building] INFO  o.e.m.c.i.e.AbstractTransferListenerAdapter - Downloading https://repo.maven.apache.org/maven2/org/jboss/weld/weld-api-parent/1.0/weld-api-parent-1.0.pom
2020-03-17 11:55:57,869 [Worker-10: Building] INFO  o.e.m.c.i.e.AbstractTransferListenerAdapter - Downloaded https://repo.maven.apache.org/maven2/org/jboss/weld/weld-api-parent/1.0/weld-api-parent-1.0.pom
2020-03-17 11:55:57,975 [Worker-10: Building] INFO  o.e.m.c.i.e.AbstractTransferListenerAdapter - Downloading https://repo.maven.apache.org/maven2/org/jboss/weld/weld-api-bom/1.0/weld-api-bom-1.0.pom
2020-03-17 11:55:58,081 [Worker-10: Building] INFO  o.e.m.c.i.e.AbstractTransferListenerAdapter - Downloaded https://repo.maven.apache.org/maven2/org/jboss/weld/weld-api-bom/1.0/weld-api-bom-1.0.pom
2020-03-17 11:55:58,187 [Worker-10: Building] INFO  o.e.m.c.i.e.AbstractTransferListenerAdapter - Downloading https://repo.maven.apache.org/maven2/org/jboss/weld/weld-parent/6/weld-parent-6.pom
2020-03-17 11:55:58,314 [Worker-10: Building] INFO  o.e.m.c.i.e.AbstractTransferListenerAdapter - Downloaded https://repo.maven.apache.org/maven2/org/jboss/weld/weld-parent/6/weld-parent-6.pom
2020-03-17 11:55:58,423 [Worker-10: Building] INFO  o.e.m.c.i.e.AbstractTransferListenerAdapter - Downloading https://repo.maven.apache.org/maven2/javax/annotation/jsr250-api/1.0/jsr250-api-1.0.pom
2020-03-17 11:55:58,525 [Worker-10: Building] INFO  o.e.m.c.i.e.AbstractTransferListenerAdapter - Downloaded https://repo.maven.apache.org/maven2/javax/annotation/jsr250-api/1.0/jsr250-api-1.0.pom
2020-03-17 11:55:58,630 [Worker-10: Building] INFO  o.e.m.c.i.e.AbstractTransferListenerAdapter - Downloading https://repo.maven.apache.org/maven2/org/sonatype/sisu/inject/guice-bean-scanners/2.3.0/guice-bean-scanners-2.3.0.pom
2020-03-17 11:55:58,737 [Worker-10: Building] INFO  o.e.m.c.i.e.AbstractTransferListenerAdapter - Downloaded https://repo.maven.apache.org/maven2/org/sonatype/sisu/inject/guice-bean-scanners/2.3.0/guice-bean-scanners-2.3.0.pom
2020-03-17 11:55:58,847 [Worker-10: Building] INFO  o.e.m.c.i.e.AbstractTransferListenerAdapter - Downloading https://repo.maven.apache.org/maven2/org/sonatype/sisu/inject/guice-bean-converters/2.3.0/guice-bean-converters-2.3.0.pom
2020-03-17 11:55:58,966 [Worker-10: Building] INFO  o.e.m.c.i.e.AbstractTransferListenerAdapter - Downloaded https://repo.maven.apache.org/maven2/org/sonatype/sisu/inject/guice-bean-converters/2.3.0/guice-bean-converters-2.3.0.pom
2020-03-17 11:55:59,083 [Worker-10: Building] INFO  o.e.m.c.i.e.AbstractTransferListenerAdapter - Downloading https://repo.maven.apache.org/maven2/org/sonatype/sisu/inject/guice-plexus-shim/2.3.0/guice-plexus-shim-2.3.0.pom
2020-03-17 11:55:59,337 [Worker-10: Building] INFO  o.e.m.c.i.e.AbstractTransferListenerAdapter - Downloaded https://repo.maven.apache.org/maven2/org/sonatype/sisu/inject/guice-plexus-shim/2.3.0/guice-plexus-shim-2.3.0.pom
2020-03-17 11:55:59,454 [Worker-10: Building] INFO  o.e.m.c.i.e.AbstractTransferListenerAdapter - Downloading https://repo.maven.apache.org/maven2/org/sonatype/sisu/inject/guice-plexus-metadata/2.3.0/guice-plexus-metadata-2.3.0.pom
2020-03-17 11:55:59,612 [Worker-10: Building] INFO  o.e.m.c.i.e.AbstractTransferListenerAdapter - Downloaded https://repo.maven.apache.org/maven2/org/sonatype/sisu/inject/guice-plexus-metadata/2.3.0/guice-plexus-metadata-2.3.0.pom
2020-03-17 11:55:59,756 [Worker-10: Building] INFO  o.e.m.c.i.e.AbstractTransferListenerAdapter - Downloading https://repo.maven.apache.org/maven2/org/sonatype/sisu/inject/guice-plexus-converters/2.3.0/guice-plexus-converters-2.3.0.pom
2020-03-17 11:55:59,875 [Worker-10: Building] INFO  o.e.m.c.i.e.AbstractTransferListenerAdapter - Downloaded https://repo.maven.apache.org/maven2/org/sonatype/sisu/inject/guice-plexus-converters/2.3.0/guice-plexus-converters-2.3.0.pom
2020-03-17 11:55:59,985 [Worker-10: Building] INFO  o.e.m.c.i.e.AbstractTransferListenerAdapter - Downloading https://repo.maven.apache.org/maven2/org/sonatype/sisu/inject/guice-plexus-locators/2.3.0/guice-plexus-locators-2.3.0.pom
2020-03-17 11:56:00,093 [Worker-10: Building] INFO  o.e.m.c.i.e.AbstractTransferListenerAdapter - Downloaded https://repo.maven.apache.org/maven2/org/sonatype/sisu/inject/guice-plexus-locators/2.3.0/guice-plexus-locators-2.3.0.pom
2020-03-17 11:56:00,202 [Worker-10: Building] INFO  o.e.m.c.i.e.AbstractTransferListenerAdapter - Downloading https://repo.maven.apache.org/maven2/org/sonatype/sisu/inject/guice-plexus-binders/2.3.0/guice-plexus-binders-2.3.0.pom
2020-03-17 11:56:00,312 [Worker-10: Building] INFO  o.e.m.c.i.e.AbstractTransferListenerAdapter - Downloaded https://repo.maven.apache.org/maven2/org/sonatype/sisu/inject/guice-plexus-binders/2.3.0/guice-plexus-binders-2.3.0.pom
2020-03-17 11:56:00,420 [Worker-10: Building] INFO  o.e.m.c.i.e.AbstractTransferListenerAdapter - Downloading https://repo.maven.apache.org/maven2/org/sonatype/sisu/inject/guice-plexus-scanners/2.3.0/guice-plexus-scanners-2.3.0.pom
2020-03-17 11:56:00,522 [Worker-10: Building] INFO  o.e.m.c.i.e.AbstractTransferListenerAdapter - Downloaded https://repo.maven.apache.org/maven2/org/sonatype/sisu/inject/guice-plexus-scanners/2.3.0/guice-plexus-scanners-2.3.0.pom
2020-03-17 11:56:00,628 [Worker-10: Building] INFO  o.e.m.c.i.e.AbstractTransferListenerAdapter - Downloading https://repo.maven.apache.org/maven2/org/sonatype/sisu/inject/guice-plexus-lifecycles/2.3.0/guice-plexus-lifecycles-2.3.0.pom
2020-03-17 11:56:00,805 [Worker-10: Building] INFO  o.e.m.c.i.e.AbstractTransferListenerAdapter - Downloaded https://repo.maven.apache.org/maven2/org/sonatype/sisu/inject/guice-plexus-lifecycles/2.3.0/guice-plexus-lifecycles-2.3.0.pom
2020-03-17 11:56:01,159 [Worker-10: Building] INFO  o.e.m.c.i.e.AbstractTransferListenerAdapter - Downloading https://repo.maven.apache.org/maven2/org/apache/maven/wagon/wagon-provider-api/1.0-beta-6/wagon-provider-api-1.0-beta-6.pom
2020-03-17 11:56:01,312 [Worker-10: Building] INFO  o.e.m.c.i.e.AbstractTransferListenerAdapter - Downloaded https://repo.maven.apache.org/maven2/org/apache/maven/wagon/wagon-provider-api/1.0-beta-6/wagon-provider-api-1.0-beta-6.pom
2020-03-17 11:56:01,420 [Worker-10: Building] INFO  o.e.m.c.i.e.AbstractTransferListenerAdapter - Downloading https://repo.maven.apache.org/maven2/org/apache/maven/wagon/wagon/1.0-beta-6/wagon-1.0-beta-6.pom
2020-03-17 11:56:01,531 [Worker-10: Building] INFO  o.e.m.c.i.e.AbstractTransferListenerAdapter - Downloaded https://repo.maven.apache.org/maven2/org/apache/maven/wagon/wagon/1.0-beta-6/wagon-1.0-beta-6.pom
2020-03-17 11:56:01,639 [Worker-10: Building] INFO  o.e.m.c.i.e.AbstractTransferListenerAdapter - Downloading https://repo.maven.apache.org/maven2/org/codehaus/plexus/plexus-utils/1.4.2/plexus-utils-1.4.2.pom
2020-03-17 11:56:01,742 [Worker-10: Building] INFO  o.e.m.c.i.e.AbstractTransferListenerAdapter - Downloaded https://repo.maven.apache.org/maven2/org/codehaus/plexus/plexus-utils/1.4.2/plexus-utils-1.4.2.pom
2020-03-17 11:56:02,277 [Worker-10: Building] INFO  o.e.m.c.i.e.AbstractTransferListenerAdapter - Downloading https://repo.maven.apache.org/maven2/org/antlr/antlr4/4.5.2/antlr4-4.5.2.pom
2020-03-17 11:56:02,401 [Worker-10: Building] INFO  o.e.m.c.i.e.AbstractTransferListenerAdapter - Downloaded https://repo.maven.apache.org/maven2/org/antlr/antlr4/4.5.2/antlr4-4.5.2.pom
2020-03-17 11:56:02,428 [Worker-10: Building] WARN  o.e.m.c.i.embedder.EclipseLogger - The POM for org.jpavlich:agent-lib:jar:0.0.1-SNAPSHOT is missing, no dependency information available
2020-03-17 11:56:02,774 [Worker-10: Building] INFO  o.e.m.c.i.e.AbstractTransferListenerAdapter - Downloading https://repo.maven.apache.org/maven2/org/antlr/antlr4-runtime/4.5.2/antlr4-runtime-4.5.2.jar
2020-03-17 11:56:03,131 [Worker-10: Building] INFO  o.e.m.c.i.e.AbstractTransferListenerAdapter - Downloaded https://repo.maven.apache.org/maven2/org/antlr/antlr4-runtime/4.5.2/antlr4-runtime-4.5.2.jar
2020-03-17 11:56:03,220 [Worker-10: Building] INFO  o.e.m.c.i.e.AbstractTransferListenerAdapter - Downloading https://repo.maven.apache.org/maven2/org/apache/maven/maven-plugin-api/3.0.5/maven-plugin-api-3.0.5.jar
2020-03-17 11:56:03,548 [Worker-10: Building] INFO  o.e.m.c.i.e.AbstractTransferListenerAdapter - Downloaded https://repo.maven.apache.org/maven2/org/apache/maven/maven-plugin-api/3.0.5/maven-plugin-api-3.0.5.jar
2020-03-17 11:56:03,632 [Worker-10: Building] INFO  o.e.m.c.i.e.AbstractTransferListenerAdapter - Downloading https://repo.maven.apache.org/maven2/org/apache/maven/maven-model/3.0.5/maven-model-3.0.5.jar
2020-03-17 11:56:03,751 [Worker-10: Building] INFO  o.e.m.c.i.e.AbstractTransferListenerAdapter - Downloaded https://repo.maven.apache.org/maven2/org/apache/maven/maven-model/3.0.5/maven-model-3.0.5.jar
2020-03-17 11:56:03,842 [Worker-10: Building] INFO  o.e.m.c.i.e.AbstractTransferListenerAdapter - Downloading https://repo.maven.apache.org/maven2/org/apache/maven/maven-artifact/3.0.5/maven-artifact-3.0.5.jar
2020-03-17 11:56:03,970 [Worker-10: Building] INFO  o.e.m.c.i.e.AbstractTransferListenerAdapter - Downloaded https://repo.maven.apache.org/maven2/org/apache/maven/maven-artifact/3.0.5/maven-artifact-3.0.5.jar
2020-03-17 11:56:04,057 [Worker-10: Building] INFO  o.e.m.c.i.e.AbstractTransferListenerAdapter - Downloading https://repo.maven.apache.org/maven2/org/sonatype/sisu/sisu-inject-plexus/2.3.0/sisu-inject-plexus-2.3.0.jar
2020-03-17 11:56:04,180 [Worker-10: Building] INFO  o.e.m.c.i.e.AbstractTransferListenerAdapter - Downloaded https://repo.maven.apache.org/maven2/org/sonatype/sisu/sisu-inject-plexus/2.3.0/sisu-inject-plexus-2.3.0.jar
2020-03-17 11:56:04,267 [Worker-10: Building] INFO  o.e.m.c.i.e.AbstractTransferListenerAdapter - Downloading https://repo.maven.apache.org/maven2/org/codehaus/plexus/plexus-classworlds/2.4/plexus-classworlds-2.4.jar
2020-03-17 11:56:04,689 [Worker-10: Building] INFO  o.e.m.c.i.e.AbstractTransferListenerAdapter - Downloaded https://repo.maven.apache.org/maven2/org/codehaus/plexus/plexus-classworlds/2.4/plexus-classworlds-2.4.jar
2020-03-17 11:56:04,776 [Worker-10: Building] INFO  o.e.m.c.i.e.AbstractTransferListenerAdapter - Downloading https://repo.maven.apache.org/maven2/org/sonatype/sisu/sisu-inject-bean/2.3.0/sisu-inject-bean-2.3.0.jar
2020-03-17 11:56:04,968 [Worker-10: Building] INFO  o.e.m.c.i.e.AbstractTransferListenerAdapter - Downloaded https://repo.maven.apache.org/maven2/org/sonatype/sisu/sisu-inject-bean/2.3.0/sisu-inject-bean-2.3.0.jar
2020-03-17 11:56:05,058 [Worker-10: Building] INFO  o.e.m.c.i.e.AbstractTransferListenerAdapter - Downloading https://repo.maven.apache.org/maven2/org/sonatype/sisu/sisu-guice/3.1.0/sisu-guice-3.1.0-no_aop.jar
2020-03-17 11:56:05,209 [Worker-10: Building] INFO  o.e.m.c.i.e.AbstractTransferListenerAdapter - Downloaded https://repo.maven.apache.org/maven2/org/sonatype/sisu/sisu-guice/3.1.0/sisu-guice-3.1.0-no_aop.jar
2020-03-17 11:56:05,298 [Worker-10: Building] INFO  o.e.m.c.i.e.AbstractTransferListenerAdapter - Downloading https://repo.maven.apache.org/maven2/org/sonatype/sisu/sisu-guava/0.9.9/sisu-guava-0.9.9.jar
2020-03-17 11:56:05,593 [Worker-10: Building] INFO  o.e.m.c.i.e.AbstractTransferListenerAdapter - Downloaded https://repo.maven.apache.org/maven2/org/sonatype/sisu/sisu-guava/0.9.9/sisu-guava-0.9.9.jar
2020-03-17 11:56:05,691 [Worker-10: Building] INFO  o.e.m.c.i.e.AbstractTransferListenerAdapter - Downloading https://repo.maven.apache.org/maven2/org/sonatype/sisu/inject/guice-bean-containers/2.3.0/guice-bean-containers-2.3.0.jar
2020-03-17 11:56:05,919 [Worker-10: Building] INFO  o.e.m.c.i.e.AbstractTransferListenerAdapter - Downloaded https://repo.maven.apache.org/maven2/org/sonatype/sisu/inject/guice-bean-containers/2.3.0/guice-bean-containers-2.3.0.jar
2020-03-17 11:56:06,002 [Worker-10: Building] INFO  o.e.m.c.i.e.AbstractTransferListenerAdapter - Downloading https://repo.maven.apache.org/maven2/org/sonatype/sisu/inject/guice-bean-inject/2.3.0/guice-bean-inject-2.3.0.jar
2020-03-17 11:56:06,151 [Worker-10: Building] INFO  o.e.m.c.i.e.AbstractTransferListenerAdapter - Downloaded https://repo.maven.apache.org/maven2/org/sonatype/sisu/inject/guice-bean-inject/2.3.0/guice-bean-inject-2.3.0.jar
2020-03-17 11:56:06,237 [Worker-10: Building] INFO  o.e.m.c.i.e.AbstractTransferListenerAdapter - Downloading https://repo.maven.apache.org/maven2/org/sonatype/sisu/inject/guice-plexus-shim/2.3.0/guice-plexus-shim-2.3.0.jar
2020-03-17 11:56:06,379 [Worker-10: Building] INFO  o.e.m.c.i.e.AbstractTransferListenerAdapter - Downloaded https://repo.maven.apache.org/maven2/org/sonatype/sisu/inject/guice-plexus-shim/2.3.0/guice-plexus-shim-2.3.0.jar
2020-03-17 11:56:06,461 [Worker-10: Building] INFO  o.e.m.c.i.e.AbstractTransferListenerAdapter - Downloading https://repo.maven.apache.org/maven2/javax/inject/javax.inject/1/javax.inject-1.jar
2020-03-17 11:56:06,606 [Worker-10: Building] INFO  o.e.m.c.i.e.AbstractTransferListenerAdapter - Downloaded https://repo.maven.apache.org/maven2/javax/inject/javax.inject/1/javax.inject-1.jar
2020-03-17 11:56:06,689 [Worker-10: Building] INFO  o.e.m.c.i.e.AbstractTransferListenerAdapter - Downloading https://repo.maven.apache.org/maven2/org/sonatype/sisu/sisu-guice/3.1.0/sisu-guice-3.1.0.jar
2020-03-17 11:56:06,866 [Worker-10: Building] INFO  o.e.m.c.i.e.AbstractTransferListenerAdapter - Downloaded https://repo.maven.apache.org/maven2/org/sonatype/sisu/sisu-guice/3.1.0/sisu-guice-3.1.0.jar
2020-03-17 11:56:06,949 [Worker-10: Building] INFO  o.e.m.c.i.e.AbstractTransferListenerAdapter - Downloading https://repo.maven.apache.org/maven2/aopalliance/aopalliance/1.0/aopalliance-1.0.jar
2020-03-17 11:56:07,082 [Worker-10: Building] INFO  o.e.m.c.i.e.AbstractTransferListenerAdapter - Downloaded https://repo.maven.apache.org/maven2/aopalliance/aopalliance/1.0/aopalliance-1.0.jar
2020-03-17 11:56:07,166 [Worker-10: Building] INFO  o.e.m.c.i.e.AbstractTransferListenerAdapter - Downloading https://repo.maven.apache.org/maven2/org/sonatype/sisu/inject/guice-bean-reflect/2.3.0/guice-bean-reflect-2.3.0.jar
2020-03-17 11:56:07,302 [Worker-10: Building] INFO  o.e.m.c.i.e.AbstractTransferListenerAdapter - Downloaded https://repo.maven.apache.org/maven2/org/sonatype/sisu/inject/guice-bean-reflect/2.3.0/guice-bean-reflect-2.3.0.jar
2020-03-17 11:56:07,387 [Worker-10: Building] INFO  o.e.m.c.i.e.AbstractTransferListenerAdapter - Downloading https://repo.maven.apache.org/maven2/org/sonatype/sisu/inject/guice-bean-locators/2.3.0/guice-bean-locators-2.3.0.jar
2020-03-17 11:56:07,503 [Worker-10: Building] INFO  o.e.m.c.i.e.AbstractTransferListenerAdapter - Downloaded https://repo.maven.apache.org/maven2/org/sonatype/sisu/inject/guice-bean-locators/2.3.0/guice-bean-locators-2.3.0.jar
2020-03-17 11:56:07,612 [Worker-10: Building] INFO  o.e.m.c.i.e.AbstractTransferListenerAdapter - Downloading https://repo.maven.apache.org/maven2/org/sonatype/sisu/inject/guice-bean-binders/2.3.0/guice-bean-binders-2.3.0.jar
2020-03-17 11:56:08,018 [Worker-10: Building] INFO  o.e.m.c.i.e.AbstractTransferListenerAdapter - Downloaded https://repo.maven.apache.org/maven2/org/sonatype/sisu/inject/guice-bean-binders/2.3.0/guice-bean-binders-2.3.0.jar
2020-03-17 11:56:08,104 [Worker-10: Building] INFO  o.e.m.c.i.e.AbstractTransferListenerAdapter - Downloading https://repo.maven.apache.org/maven2/javax/enterprise/cdi-api/1.0/cdi-api-1.0.jar
2020-03-17 11:56:08,648 [Worker-10: Building] INFO  o.e.m.c.i.e.AbstractTransferListenerAdapter - Downloaded https://repo.maven.apache.org/maven2/javax/enterprise/cdi-api/1.0/cdi-api-1.0.jar
2020-03-17 11:56:08,732 [Worker-10: Building] INFO  o.e.m.c.i.e.AbstractTransferListenerAdapter - Downloading https://repo.maven.apache.org/maven2/javax/annotation/jsr250-api/1.0/jsr250-api-1.0.jar
2020-03-17 11:56:08,826 [Worker-10: Building] INFO  o.e.m.c.i.e.AbstractTransferListenerAdapter - Downloaded https://repo.maven.apache.org/maven2/javax/annotation/jsr250-api/1.0/jsr250-api-1.0.jar
2020-03-17 11:56:08,909 [Worker-10: Building] INFO  o.e.m.c.i.e.AbstractTransferListenerAdapter - Downloading https://repo.maven.apache.org/maven2/org/sonatype/sisu/inject/guice-bean-scanners/2.3.0/guice-bean-scanners-2.3.0.jar
2020-03-17 11:56:09,018 [Worker-10: Building] INFO  o.e.m.c.i.e.AbstractTransferListenerAdapter - Downloaded https://repo.maven.apache.org/maven2/org/sonatype/sisu/inject/guice-bean-scanners/2.3.0/guice-bean-scanners-2.3.0.jar
2020-03-17 11:56:09,119 [Worker-10: Building] INFO  o.e.m.c.i.e.AbstractTransferListenerAdapter - Downloading https://repo.maven.apache.org/maven2/org/sonatype/sisu/inject/guice-bean-converters/2.3.0/guice-bean-converters-2.3.0.jar
2020-03-17 11:56:09,248 [Worker-10: Building] INFO  o.e.m.c.i.e.AbstractTransferListenerAdapter - Downloaded https://repo.maven.apache.org/maven2/org/sonatype/sisu/inject/guice-bean-converters/2.3.0/guice-bean-converters-2.3.0.jar
2020-03-17 11:56:09,341 [Worker-10: Building] INFO  o.e.m.c.i.e.AbstractTransferListenerAdapter - Downloading https://repo.maven.apache.org/maven2/org/sonatype/sisu/inject/guice-plexus-metadata/2.3.0/guice-plexus-metadata-2.3.0.jar
2020-03-17 11:56:09,518 [Worker-10: Building] INFO  o.e.m.c.i.e.AbstractTransferListenerAdapter - Downloaded https://repo.maven.apache.org/maven2/org/sonatype/sisu/inject/guice-plexus-metadata/2.3.0/guice-plexus-metadata-2.3.0.jar
2020-03-17 11:56:09,602 [Worker-10: Building] INFO  o.e.m.c.i.e.AbstractTransferListenerAdapter - Downloading https://repo.maven.apache.org/maven2/org/sonatype/sisu/inject/guice-plexus-converters/2.3.0/guice-plexus-converters-2.3.0.jar
2020-03-17 11:56:09,744 [Worker-10: Building] INFO  o.e.m.c.i.e.AbstractTransferListenerAdapter - Downloaded https://repo.maven.apache.org/maven2/org/sonatype/sisu/inject/guice-plexus-converters/2.3.0/guice-plexus-converters-2.3.0.jar
2020-03-17 11:56:09,831 [Worker-10: Building] INFO  o.e.m.c.i.e.AbstractTransferListenerAdapter - Downloading https://repo.maven.apache.org/maven2/org/sonatype/sisu/inject/guice-plexus-locators/2.3.0/guice-plexus-locators-2.3.0.jar
2020-03-17 11:56:10,019 [Worker-10: Building] INFO  o.e.m.c.i.e.AbstractTransferListenerAdapter - Downloaded https://repo.maven.apache.org/maven2/org/sonatype/sisu/inject/guice-plexus-locators/2.3.0/guice-plexus-locators-2.3.0.jar
2020-03-17 11:56:10,105 [Worker-10: Building] INFO  o.e.m.c.i.e.AbstractTransferListenerAdapter - Downloading https://repo.maven.apache.org/maven2/org/sonatype/sisu/inject/guice-plexus-binders/2.3.0/guice-plexus-binders-2.3.0.jar
2020-03-17 11:56:10,383 [Worker-10: Building] INFO  o.e.m.c.i.e.AbstractTransferListenerAdapter - Downloaded https://repo.maven.apache.org/maven2/org/sonatype/sisu/inject/guice-plexus-binders/2.3.0/guice-plexus-binders-2.3.0.jar
2020-03-17 11:56:10,467 [Worker-10: Building] INFO  o.e.m.c.i.e.AbstractTransferListenerAdapter - Downloading https://repo.maven.apache.org/maven2/org/sonatype/sisu/inject/guice-plexus-scanners/2.3.0/guice-plexus-scanners-2.3.0.jar
2020-03-17 11:56:10,744 [Worker-10: Building] INFO  o.e.m.c.i.e.AbstractTransferListenerAdapter - Downloaded https://repo.maven.apache.org/maven2/org/sonatype/sisu/inject/guice-plexus-scanners/2.3.0/guice-plexus-scanners-2.3.0.jar
2020-03-17 11:56:10,831 [Worker-10: Building] INFO  o.e.m.c.i.e.AbstractTransferListenerAdapter - Downloading https://repo.maven.apache.org/maven2/org/sonatype/sisu/inject/guice-plexus-lifecycles/2.3.0/guice-plexus-lifecycles-2.3.0.jar
2020-03-17 11:56:11,091 [Worker-10: Building] INFO  o.e.m.c.i.e.AbstractTransferListenerAdapter - Downloaded https://repo.maven.apache.org/maven2/org/sonatype/sisu/inject/guice-plexus-lifecycles/2.3.0/guice-plexus-lifecycles-2.3.0.jar
2020-03-17 11:56:11,175 [Worker-10: Building] INFO  o.e.m.c.i.e.AbstractTransferListenerAdapter - Downloading https://repo.maven.apache.org/maven2/org/apache/maven/wagon/wagon-provider-api/1.0-beta-6/wagon-provider-api-1.0-beta-6.jar
2020-03-17 11:56:11,295 [Worker-10: Building] INFO  o.e.m.c.i.e.AbstractTransferListenerAdapter - Downloaded https://repo.maven.apache.org/maven2/org/apache/maven/wagon/wagon-provider-api/1.0-beta-6/wagon-provider-api-1.0-beta-6.jar
2020-03-17 11:56:11,386 [Worker-10: Building] INFO  o.e.m.c.i.e.AbstractTransferListenerAdapter - Downloading https://repo.maven.apache.org/maven2/org/antlr/antlr4/4.5.2/antlr4-4.5.2.jar
2020-03-17 11:56:11,667 [Worker-10: Building] INFO  o.e.m.c.i.e.AbstractTransferListenerAdapter - Downloaded https://repo.maven.apache.org/maven2/org/antlr/antlr4/4.5.2/antlr4-4.5.2.jar
2020-03-17 11:56:31,825 [Worker-10: Building] INFO  o.e.m.c.i.e.AbstractTransferListenerAdapter - Downloading https://repo.maven.apache.org/maven2/org/apache/maven/plugins/maven-resources-plugin/2.6/maven-resources-plugin-2.6.pom
2020-03-17 11:56:31,932 [Worker-10: Building] INFO  o.e.m.c.i.e.AbstractTransferListenerAdapter - Downloaded https://repo.maven.apache.org/maven2/org/apache/maven/plugins/maven-resources-plugin/2.6/maven-resources-plugin-2.6.pom
2020-03-17 11:56:44,922 [Worker-10: Building] INFO  o.e.m.c.i.e.AbstractTransferListenerAdapter - Downloading https://repo.maven.apache.org/maven2/org/apache/maven/maven-core/2.0.6/maven-core-2.0.6.jar
2020-03-17 11:56:45,293 [Worker-10: Building] INFO  o.e.m.c.i.e.AbstractTransferListenerAdapter - Downloaded https://repo.maven.apache.org/maven2/org/apache/maven/maven-core/2.0.6/maven-core-2.0.6.jar
2020-03-17 11:56:45,377 [Worker-10: Building] INFO  o.e.m.c.i.e.AbstractTransferListenerAdapter - Downloading https://repo.maven.apache.org/maven2/org/apache/maven/maven-plugin-parameter-documenter/2.0.6/maven-plugin-parameter-documenter-2.0.6.jar
2020-03-17 11:56:45,770 [Worker-10: Building] INFO  o.e.m.c.i.e.AbstractTransferListenerAdapter - Downloaded https://repo.maven.apache.org/maven2/org/apache/maven/maven-plugin-parameter-documenter/2.0.6/maven-plugin-parameter-documenter-2.0.6.jar
2020-03-17 11:56:45,856 [Worker-10: Building] INFO  o.e.m.c.i.e.AbstractTransferListenerAdapter - Downloading https://repo.maven.apache.org/maven2/org/apache/maven/maven-error-diagnostics/2.0.6/maven-error-diagnostics-2.0.6.jar
2020-03-17 11:56:46,610 [Worker-10: Building] INFO  o.e.m.c.i.e.AbstractTransferListenerAdapter - Downloaded https://repo.maven.apache.org/maven2/org/apache/maven/maven-error-diagnostics/2.0.6/maven-error-diagnostics-2.0.6.jar
2020-03-17 11:56:46,697 [Worker-10: Building] INFO  o.e.m.c.i.e.AbstractTransferListenerAdapter - Downloading https://repo.maven.apache.org/maven2/org/apache/maven/maven-plugin-descriptor/2.0.6/maven-plugin-descriptor-2.0.6.jar
2020-03-17 11:56:47,035 [Worker-10: Building] INFO  o.e.m.c.i.e.AbstractTransferListenerAdapter - Downloaded https://repo.maven.apache.org/maven2/org/apache/maven/maven-plugin-descriptor/2.0.6/maven-plugin-descriptor-2.0.6.jar
2020-03-17 11:56:47,118 [Worker-10: Building] INFO  o.e.m.c.i.e.AbstractTransferListenerAdapter - Downloading https://repo.maven.apache.org/maven2/org/apache/maven/maven-monitor/2.0.6/maven-monitor-2.0.6.jar
2020-03-17 11:56:47,282 [Worker-10: Building] INFO  o.e.m.c.i.e.AbstractTransferListenerAdapter - Downloaded https://repo.maven.apache.org/maven2/org/apache/maven/maven-monitor/2.0.6/maven-monitor-2.0.6.jar
2020-03-17 11:56:52,712 [Worker-10: Building] INFO  o.e.m.c.i.embedder.EclipseLogger - Using 'UTF-8' encoding to copy filtered resources.
2020-03-17 11:56:52,713 [Worker-10: Building] INFO  o.e.m.c.i.embedder.EclipseLogger - skip non existing resourceDirectory D:\Datos\Documents\Sergio Andrés\Javeriana\VII Semestre\Lenguajes de Programación\workspace\Car\src\main\resources
2020-03-17 11:56:52,717 [Worker-10: Building] INFO  o.e.m.c.i.embedder.EclipseLogger - Using 'UTF-8' encoding to copy filtered resources.
2020-03-17 11:56:52,717 [Worker-10: Building] INFO  o.e.m.c.i.embedder.EclipseLogger - skip non existing resourceDirectory D:\Datos\Documents\Sergio Andrés\Javeriana\VII Semestre\Lenguajes de Programación\workspace\Car\src\test\resources
2020-03-17 11:56:54,185 [Worker-1: Updating Maven Dependencies] INFO  o.e.m.c.i.l.LifecycleMappingFactory - Using org.eclipse.m2e.jdt.JarLifecycleMapping lifecycle mapping for MavenProject: co.edu.javeriana:car:0.0.1-SNAPSHOT @ D:\Datos\Documents\Sergio Andrés\Javeriana\VII Semestre\Lenguajes de Programación\workspace\Car\pom.xml.
2020-03-17 11:56:56,860 [Worker-1: Updating Maven Dependencies] WARN  o.e.m.c.i.embedder.EclipseLogger - The POM for org.processing:core:jar:3.3.7 is invalid, transitive dependencies (if any) will not be available, enable debug logging for more details
2020-03-17 11:56:56,923 [Worker-1: Updating Maven Dependencies] INFO  o.e.m.c.i.p.WorkspaceClassifierResolverManager - Resolving P/agent-lib: org.jpavlich:agent-lib:0.0.1-SNAPSHOT with classifier  to /agent-lib/target/classes
2020-03-17 11:56:57,163 [Worker-1: Updating Maven Dependencies] INFO  o.e.m.c.i.l.LifecycleMappingFactory - Using org.eclipse.m2e.jdt.JarLifecycleMapping lifecycle mapping for MavenProject: org.jpavlich:agent-lib:0.0.1-SNAPSHOT @ D:\Datos\Documents\Sergio Andrés\Javeriana\VII Semestre\Lenguajes de Programación\workspace\agent-lib\pom.xml.
2020-03-17 11:56:57,556 [Worker-1: Updating Maven Dependencies] INFO  o.e.m.c.i.l.LifecycleMappingFactory - Using org.eclipse.m2e.jdt.JarLifecycleMapping lifecycle mapping for MavenProject: co.edu.javeriana:car:0.0.1-SNAPSHOT @ D:\Datos\Documents\Sergio Andrés\Javeriana\VII Semestre\Lenguajes de Programación\workspace\Car\pom.xml.
2020-03-17 11:56:57,586 [Worker-1: Updating Maven Dependencies] INFO  o.e.m.c.i.p.WorkspaceClassifierResolverManager - Resolving P/agent-lib: org.jpavlich:agent-lib:0.0.1-SNAPSHOT with classifier  to /agent-lib/target/classes
2020-03-17 11:57:02,688 [Worker-11: Building] WARN  o.e.m.c.i.embedder.EclipseLogger - The POM for org.processing:core:jar:3.3.7 is invalid, transitive dependencies (if any) will not be available, enable debug logging for more details
2020-03-17 11:57:02,725 [Worker-11: Building] INFO  o.e.m.c.i.p.WorkspaceClassifierResolverManager - Resolving P/agent-lib: org.jpavlich:agent-lib:0.0.1-SNAPSHOT with classifier  to /agent-lib/target/classes
2020-03-17 11:57:03,569 [Worker-11: Building] INFO  o.e.m.c.i.embedder.EclipseLogger - Using 'UTF-8' encoding to copy filtered resources.
2020-03-17 11:57:03,569 [Worker-11: Building] INFO  o.e.m.c.i.embedder.EclipseLogger - skip non existing resourceDirectory D:\Datos\Documents\Sergio Andrés\Javeriana\VII Semestre\Lenguajes de Programación\workspace\Car\src\main\resources
2020-03-17 11:57:03,574 [Worker-11: Building] INFO  o.e.m.c.i.embedder.EclipseLogger - Using 'UTF-8' encoding to copy filtered resources.
2020-03-17 11:57:03,574 [Worker-11: Building] INFO  o.e.m.c.i.embedder.EclipseLogger - skip non existing resourceDirectory D:\Datos\Documents\Sergio Andrés\Javeriana\VII Semestre\Lenguajes de Programación\workspace\Car\src\test\resources
2020-03-17 11:57:04,392 [Worker-11: Building] WARN  o.e.m.c.i.embedder.EclipseLogger - The POM for org.processing:core:jar:3.3.7 is invalid, transitive dependencies (if any) will not be available, enable debug logging for more details
2020-03-17 11:57:04,410 [Worker-11: Building] INFO  o.e.m.c.i.embedder.EclipseLogger - Using 'UTF-8' encoding to copy filtered resources.
2020-03-17 11:57:04,416 [Worker-11: Building] INFO  o.e.m.c.i.embedder.EclipseLogger - Copying 0 resource
2020-03-17 11:57:04,420 [Worker-11: Building] INFO  o.e.m.c.i.embedder.EclipseLogger - Using 'UTF-8' encoding to copy filtered resources.
2020-03-17 11:57:04,421 [Worker-11: Building] INFO  o.e.m.c.i.embedder.EclipseLogger - skip non existing resourceDirectory D:\Datos\Documents\Sergio Andrés\Javeriana\VII Semestre\Lenguajes de Programación\workspace\agent-lib\src\test\resources
2020-03-17 11:57:05,022 [Worker-11: Building] INFO  o.e.m.c.i.embedder.EclipseLogger - Using 'UTF-8' encoding to copy filtered resources.
2020-03-17 11:57:05,022 [Worker-11: Building] INFO  o.e.m.c.i.embedder.EclipseLogger - skip non existing resourceDirectory D:\Datos\Documents\Sergio Andrés\Javeriana\VII Semestre\Lenguajes de Programación\workspace\Car\src\main\resources
2020-03-17 11:57:05,024 [Worker-11: Building] INFO  o.e.m.c.i.embedder.EclipseLogger - Using 'UTF-8' encoding to copy filtered resources.
2020-03-17 11:57:05,024 [Worker-11: Building] INFO  o.e.m.c.i.embedder.EclipseLogger - skip non existing resourceDirectory D:\Datos\Documents\Sergio Andrés\Javeriana\VII Semestre\Lenguajes de Programación\workspace\Car\src\test\resources
2020-03-17 11:57:54,913 [Worker-11: Building] INFO  o.e.m.c.i.embedder.EclipseLogger - Using 'UTF-8' encoding to copy filtered resources.
2020-03-17 11:57:54,913 [Worker-11: Building] INFO  o.e.m.c.i.embedder.EclipseLogger - skip non existing resourceDirectory D:\Datos\Documents\Sergio Andrés\Javeriana\VII Semestre\Lenguajes de Programación\workspace\Car\src\main\resources
2020-03-17 11:57:54,915 [Worker-11: Building] INFO  o.e.m.c.i.embedder.EclipseLogger - Using 'UTF-8' encoding to copy filtered resources.
2020-03-17 11:57:54,915 [Worker-11: Building] INFO  o.e.m.c.i.embedder.EclipseLogger - skip non existing resourceDirectory D:\Datos\Documents\Sergio Andrés\Javeriana\VII Semestre\Lenguajes de Programación\workspace\Car\src\test\resources
2020-03-17 11:58:23,356 [Worker-0: Building] INFO  o.e.m.c.i.embedder.EclipseLogger - Using 'UTF-8' encoding to copy filtered resources.
2020-03-17 11:58:23,356 [Worker-0: Building] INFO  o.e.m.c.i.embedder.EclipseLogger - skip non existing resourceDirectory D:\Datos\Documents\Sergio Andrés\Javeriana\VII Semestre\Lenguajes de Programación\workspace\Car\src\main\resources
2020-03-17 11:58:23,358 [Worker-0: Building] INFO  o.e.m.c.i.embedder.EclipseLogger - Using 'UTF-8' encoding to copy filtered resources.
2020-03-17 11:58:23,358 [Worker-0: Building] INFO  o.e.m.c.i.embedder.EclipseLogger - skip non existing resourceDirectory D:\Datos\Documents\Sergio Andrés\Javeriana\VII Semestre\Lenguajes de Programación\workspace\Car\src\test\resources
2020-03-17 11:58:47,854 [Worker-4: Building] INFO  o.e.m.c.i.embedder.EclipseLogger - Using 'UTF-8' encoding to copy filtered resources.
2020-03-17 11:58:47,854 [Worker-4: Building] INFO  o.e.m.c.i.embedder.EclipseLogger - skip non existing resourceDirectory D:\Datos\Documents\Sergio Andrés\Javeriana\VII Semestre\Lenguajes de Programación\workspace\Car\src\main\resources
2020-03-17 11:58:47,855 [Worker-4: Building] INFO  o.e.m.c.i.embedder.EclipseLogger - Using 'UTF-8' encoding to copy filtered resources.
2020-03-17 11:58:47,856 [Worker-4: Building] INFO  o.e.m.c.i.embedder.EclipseLogger - skip non existing resourceDirectory D:\Datos\Documents\Sergio Andrés\Javeriana\VII Semestre\Lenguajes de Programación\workspace\Car\src\test\resources
2020-03-17 11:59:03,850 [Worker-10: Updating Maven Project] INFO  o.e.m.c.i.p.ProjectConfigurationManager - Update started
2020-03-17 11:59:04,076 [Worker-10: Updating Maven Project] INFO  o.e.m.c.i.l.LifecycleMappingFactory - Using org.eclipse.m2e.jdt.JarLifecycleMapping lifecycle mapping for MavenProject: co.edu.javeriana:car:0.0.1-SNAPSHOT @ D:\Datos\Documents\Sergio Andrés\Javeriana\VII Semestre\Lenguajes de Programación\workspace\Car\pom.xml.
2020-03-17 11:59:05,230 [Worker-10: Updating Maven Project] WARN  o.e.m.c.i.embedder.EclipseLogger - The POM for org.processing:core:jar:3.3.7 is invalid, transitive dependencies (if any) will not be available, enable debug logging for more details
2020-03-17 11:59:05,281 [Worker-10: Updating Maven Project] INFO  o.e.m.c.i.p.WorkspaceClassifierResolverManager - Resolving P/agent-lib: org.jpavlich:agent-lib:0.0.1-SNAPSHOT with classifier  to /agent-lib/target/classes
2020-03-17 11:59:05,524 [Worker-10: Updating Maven Project] INFO  o.e.m.j.i.AbstractJavaProjectConfigurator - Adding source folder /Car/src/main/java
2020-03-17 11:59:05,525 [Worker-10: Updating Maven Project] INFO  o.e.m.j.i.AbstractJavaProjectConfigurator - Adding source folder /Car/src/test/java
2020-03-17 11:59:05,973 [Worker-10: Updating Maven Project] INFO  o.e.m.c.i.p.ProjectConfigurationManager - Update completed: 2 sec
2020-03-17 11:59:10,213 [Worker-8: Building] WARN  o.e.m.c.i.embedder.EclipseLogger - The POM for org.processing:core:jar:3.3.7 is invalid, transitive dependencies (if any) will not be available, enable debug logging for more details
2020-03-17 11:59:10,239 [Worker-8: Building] INFO  o.e.m.c.i.p.WorkspaceClassifierResolverManager - Resolving P/agent-lib: org.jpavlich:agent-lib:0.0.1-SNAPSHOT with classifier  to /agent-lib/target/classes
2020-03-17 11:59:10,245 [Worker-8: Building] INFO  o.e.m.c.i.embedder.EclipseLogger - Using 'UTF-8' encoding to copy filtered resources.
2020-03-17 11:59:10,246 [Worker-8: Building] INFO  o.e.m.c.i.embedder.EclipseLogger - skip non existing resourceDirectory D:\Datos\Documents\Sergio Andrés\Javeriana\VII Semestre\Lenguajes de Programación\workspace\Car\src\main\resources
2020-03-17 11:59:10,247 [Worker-8: Building] INFO  o.e.m.c.i.embedder.EclipseLogger - Using 'UTF-8' encoding to copy filtered resources.
2020-03-17 11:59:10,247 [Worker-8: Building] INFO  o.e.m.c.i.embedder.EclipseLogger - skip non existing resourceDirectory D:\Datos\Documents\Sergio Andrés\Javeriana\VII Semestre\Lenguajes de Programación\workspace\Car\src\test\resources
2020-03-17 11:59:24,042 [Worker-4: Updating Maven Project] INFO  o.e.m.c.i.p.ProjectConfigurationManager - Update started
2020-03-17 11:59:24,331 [Worker-4: Updating Maven Project] INFO  o.e.m.c.i.l.LifecycleMappingFactory - Using org.eclipse.m2e.jdt.JarLifecycleMapping lifecycle mapping for MavenProject: org.jpavlich:agent-lib:0.0.1-SNAPSHOT @ D:\Datos\Documents\Sergio Andrés\Javeriana\VII Semestre\Lenguajes de Programación\workspace\agent-lib\pom.xml.
2020-03-17 11:59:24,335 [Worker-4: Updating Maven Project] WARN  o.e.m.c.i.embedder.EclipseLogger - The POM for org.processing:core:jar:3.3.7 is invalid, transitive dependencies (if any) will not be available, enable debug logging for more details
2020-03-17 11:59:24,451 [Worker-4: Updating Maven Project] INFO  o.e.m.j.i.AbstractJavaProjectConfigurator - Adding source folder /agent-lib/src/main/java
2020-03-17 11:59:24,452 [Worker-4: Updating Maven Project] INFO  o.e.m.j.i.AbstractJavaProjectConfigurator - Adding resource folder /agent-lib/src/main/resources
2020-03-17 11:59:24,452 [Worker-4: Updating Maven Project] INFO  o.e.m.j.i.AbstractJavaProjectConfigurator - Adding source folder /agent-lib/src/test/java
2020-03-17 11:59:24,885 [Worker-4: Updating Maven Project] INFO  o.e.m.c.i.p.ProjectConfigurationManager - Update completed: 0 sec
2020-03-17 11:59:25,549 [Worker-4: Building] WARN  o.e.m.c.i.embedder.EclipseLogger - The POM for org.processing:core:jar:3.3.7 is invalid, transitive dependencies (if any) will not be available, enable debug logging for more details
2020-03-17 11:59:25,563 [Worker-4: Building] INFO  o.e.m.c.i.embedder.EclipseLogger - Using 'UTF-8' encoding to copy filtered resources.
2020-03-17 11:59:25,564 [Worker-4: Building] INFO  o.e.m.c.i.embedder.EclipseLogger - Copying 0 resource
2020-03-17 11:59:25,571 [Worker-4: Building] INFO  o.e.m.c.i.embedder.EclipseLogger - Using 'UTF-8' encoding to copy filtered resources.
2020-03-17 11:59:25,571 [Worker-4: Building] INFO  o.e.m.c.i.embedder.EclipseLogger - skip non existing resourceDirectory D:\Datos\Documents\Sergio Andrés\Javeriana\VII Semestre\Lenguajes de Programación\workspace\agent-lib\src\test\resources
2020-03-17 11:59:25,711 [Worker-4: Building] INFO  o.e.m.c.i.embedder.EclipseLogger - Using 'UTF-8' encoding to copy filtered resources.
2020-03-17 11:59:25,712 [Worker-4: Building] INFO  o.e.m.c.i.embedder.EclipseLogger - skip non existing resourceDirectory D:\Datos\Documents\Sergio Andrés\Javeriana\VII Semestre\Lenguajes de Programación\workspace\Car\src\main\resources
2020-03-17 11:59:25,713 [Worker-4: Building] INFO  o.e.m.c.i.embedder.EclipseLogger - Using 'UTF-8' encoding to copy filtered resources.
2020-03-17 11:59:25,713 [Worker-4: Building] INFO  o.e.m.c.i.embedder.EclipseLogger - skip non existing resourceDirectory D:\Datos\Documents\Sergio Andrés\Javeriana\VII Semestre\Lenguajes de Programación\workspace\Car\src\test\resources
2020-03-17 12:01:12,774 [Worker-10: Cleaning all projects] INFO  o.e.m.c.i.embedder.EclipseLogger - Using 'UTF-8' encoding to copy filtered resources.
2020-03-17 12:01:12,775 [Worker-10: Cleaning all projects] INFO  o.e.m.c.i.embedder.EclipseLogger - skip non existing resourceDirectory D:\Datos\Documents\Sergio Andrés\Javeriana\VII Semestre\Lenguajes de Programación\workspace\Car\src\main\resources
2020-03-17 12:01:12,777 [Worker-10: Cleaning all projects] INFO  o.e.m.c.i.embedder.EclipseLogger - Using 'UTF-8' encoding to copy filtered resources.
2020-03-17 12:01:12,777 [Worker-10: Cleaning all projects] INFO  o.e.m.c.i.embedder.EclipseLogger - skip non existing resourceDirectory D:\Datos\Documents\Sergio Andrés\Javeriana\VII Semestre\Lenguajes de Programación\workspace\Car\src\test\resources
2020-03-17 12:01:13,048 [Worker-10: Cleaning all projects] INFO  o.e.m.c.i.embedder.EclipseLogger - Using 'UTF-8' encoding to copy filtered resources.
2020-03-17 12:01:13,049 [Worker-10: Cleaning all projects] INFO  o.e.m.c.i.embedder.EclipseLogger - Copying 0 resource
2020-03-17 12:01:13,050 [Worker-10: Cleaning all projects] INFO  o.e.m.c.i.embedder.EclipseLogger - Using 'UTF-8' encoding to copy filtered resources.
2020-03-17 12:01:13,050 [Worker-10: Cleaning all projects] INFO  o.e.m.c.i.embedder.EclipseLogger - skip non existing resourceDirectory D:\Datos\Documents\Sergio Andrés\Javeriana\VII Semestre\Lenguajes de Programación\workspace\agent-lib\src\test\resources
2020-03-17 12:01:13,209 [Worker-10: Cleaning all projects] INFO  o.e.m.c.i.embedder.EclipseLogger - Using 'UTF-8' encoding to copy filtered resources.
2020-03-17 12:01:13,209 [Worker-10: Cleaning all projects] INFO  o.e.m.c.i.embedder.EclipseLogger - skip non existing resourceDirectory D:\Datos\Documents\Sergio Andrés\Javeriana\VII Semestre\Lenguajes de Programación\workspace\Car\src\main\resources
2020-03-17 12:01:13,210 [Worker-10: Cleaning all projects] INFO  o.e.m.c.i.embedder.EclipseLogger - Using 'UTF-8' encoding to copy filtered resources.
2020-03-17 12:01:13,211 [Worker-10: Cleaning all projects] INFO  o.e.m.c.i.embedder.EclipseLogger - skip non existing resourceDirectory D:\Datos\Documents\Sergio Andrés\Javeriana\VII Semestre\Lenguajes de Programación\workspace\Car\src\test\resources
2020-03-17 12:03:18,797 [Worker-0: Cleaning all projects] INFO  o.e.m.c.i.embedder.EclipseLogger - Using 'UTF-8' encoding to copy filtered resources.
2020-03-17 12:03:18,798 [Worker-0: Cleaning all projects] INFO  o.e.m.c.i.embedder.EclipseLogger - skip non existing resourceDirectory D:\Datos\Documents\Sergio Andrés\Javeriana\VII Semestre\Lenguajes de Programación\workspace\Car\src\main\resources
2020-03-17 12:03:18,799 [Worker-0: Cleaning all projects] INFO  o.e.m.c.i.embedder.EclipseLogger - Using 'UTF-8' encoding to copy filtered resources.
2020-03-17 12:03:18,799 [Worker-0: Cleaning all projects] INFO  o.e.m.c.i.embedder.EclipseLogger - skip non existing resourceDirectory D:\Datos\Documents\Sergio Andrés\Javeriana\VII Semestre\Lenguajes de Programación\workspace\Car\src\test\resources
2020-03-17 12:03:19,125 [Worker-0: Cleaning all projects] INFO  o.e.m.c.i.embedder.EclipseLogger - Using 'UTF-8' encoding to copy filtered resources.
2020-03-17 12:03:19,126 [Worker-0: Cleaning all projects] INFO  o.e.m.c.i.embedder.EclipseLogger - Copying 0 resource
2020-03-17 12:03:19,128 [Worker-0: Cleaning all projects] INFO  o.e.m.c.i.embedder.EclipseLogger - Using 'UTF-8' encoding to copy filtered resources.
2020-03-17 12:03:19,128 [Worker-0: Cleaning all projects] INFO  o.e.m.c.i.embedder.EclipseLogger - skip non existing resourceDirectory D:\Datos\Documents\Sergio Andrés\Javeriana\VII Semestre\Lenguajes de Programación\workspace\agent-lib\src\test\resources
2020-03-17 12:03:19,201 [Worker-0: Cleaning all projects] INFO  o.e.m.c.i.embedder.EclipseLogger - Using 'UTF-8' encoding to copy filtered resources.
2020-03-17 12:03:19,202 [Worker-0: Cleaning all projects] INFO  o.e.m.c.i.embedder.EclipseLogger - skip non existing resourceDirectory D:\Datos\Documents\Sergio Andrés\Javeriana\VII Semestre\Lenguajes de Programación\workspace\Car\src\main\resources
2020-03-17 12:03:19,204 [Worker-0: Cleaning all projects] INFO  o.e.m.c.i.embedder.EclipseLogger - Using 'UTF-8' encoding to copy filtered resources.
2020-03-17 12:03:19,204 [Worker-0: Cleaning all projects] INFO  o.e.m.c.i.embedder.EclipseLogger - skip non existing resourceDirectory D:\Datos\Documents\Sergio Andrés\Javeriana\VII Semestre\Lenguajes de Programación\workspace\Car\src\test\resources
2020-03-17 12:05:58,557 [Worker-12: Updating Maven Dependencies] INFO  o.e.m.c.i.l.LifecycleMappingFactory - Using org.eclipse.m2e.jdt.JarLifecycleMapping lifecycle mapping for MavenProject: co.edu.javeriana:car:0.0.1-SNAPSHOT @ D:\Datos\Documents\Sergio Andrés\Javeriana\VII Semestre\Lenguajes de Programación\workspace\Car\pom.xml.
2020-03-17 12:06:00,232 [Worker-12: Updating Maven Dependencies] WARN  o.e.m.c.i.embedder.EclipseLogger - The POM for org.jpavlich:agent-lib:jar:0.0.1-SNAPSHOT is missing, no dependency information available
2020-03-17 12:06:51,738 [Worker-10: Building] INFO  o.e.m.c.i.l.LifecycleMappingFactory - Using org.eclipse.m2e.jdt.JarLifecycleMapping lifecycle mapping for MavenProject: co.edu.javeriana:car:0.0.1-SNAPSHOT @ D:\Datos\Documents\Sergio Andrés\Javeriana\VII Semestre\Lenguajes de Programación\workspace\Car\pom.xml.
2020-03-17 12:06:52,797 [Worker-10: Building] WARN  o.e.m.c.i.embedder.EclipseLogger - The POM for org.jpavlich:agent-lib:jar:0.0.1-SNAPSHOT is missing, no dependency information available
2020-03-17 12:06:54,052 [Worker-10: Building] INFO  o.e.m.c.i.embedder.EclipseLogger - Using 'UTF-8' encoding to copy filtered resources.
2020-03-17 12:06:54,052 [Worker-10: Building] INFO  o.e.m.c.i.embedder.EclipseLogger - skip non existing resourceDirectory D:\Datos\Documents\Sergio Andrés\Javeriana\VII Semestre\Lenguajes de Programación\workspace\Car\src\main\resources
2020-03-17 12:06:54,056 [Worker-10: Building] INFO  o.e.m.c.i.embedder.EclipseLogger - Using 'UTF-8' encoding to copy filtered resources.
2020-03-17 12:06:54,056 [Worker-10: Building] INFO  o.e.m.c.i.embedder.EclipseLogger - skip non existing resourceDirectory D:\Datos\Documents\Sergio Andrés\Javeriana\VII Semestre\Lenguajes de Programación\workspace\Car\src\test\resources
2020-03-17 12:06:54,655 [Worker-10: Building] INFO  o.e.m.c.i.l.LifecycleMappingFactory - Using org.eclipse.m2e.jdt.JarLifecycleMapping lifecycle mapping for MavenProject: org.jpavlich:agent-lib:0.0.1-SNAPSHOT @ D:\Datos\Documents\Sergio Andrés\Javeriana\VII Semestre\Lenguajes de Programación\workspace\agent-lib\pom.xml.
2020-03-17 12:06:54,692 [Worker-10: Building] WARN  o.e.m.c.i.embedder.EclipseLogger - The POM for org.processing:core:jar:3.3.7 is invalid, transitive dependencies (if any) will not be available, enable debug logging for more details
2020-03-17 12:06:54,862 [Worker-10: Building] INFO  o.e.m.c.i.l.LifecycleMappingFactory - Using org.eclipse.m2e.jdt.JarLifecycleMapping lifecycle mapping for MavenProject: co.edu.javeriana:car:0.0.1-SNAPSHOT @ D:\Datos\Documents\Sergio Andrés\Javeriana\VII Semestre\Lenguajes de Programación\workspace\Car\pom.xml.
2020-03-17 12:06:55,083 [Worker-10: Building] INFO  o.e.m.c.i.p.WorkspaceClassifierResolverManager - Resolving P/agent-lib: org.jpavlich:agent-lib:0.0.1-SNAPSHOT with classifier  to /agent-lib/target/classes
2020-03-17 12:06:56,167 [Worker-10: Building] INFO  o.e.m.c.i.embedder.EclipseLogger - Using 'UTF-8' encoding to copy filtered resources.
2020-03-17 12:06:56,167 [Worker-10: Building] INFO  o.e.m.c.i.embedder.EclipseLogger - Copying 0 resource
2020-03-17 12:06:56,170 [Worker-10: Building] INFO  o.e.m.c.i.embedder.EclipseLogger - Using 'UTF-8' encoding to copy filtered resources.
2020-03-17 12:06:56,170 [Worker-10: Building] INFO  o.e.m.c.i.embedder.EclipseLogger - skip non existing resourceDirectory D:\Datos\Documents\Sergio Andrés\Javeriana\VII Semestre\Lenguajes de Programación\workspace\agent-lib\src\test\resources
2020-03-17 12:07:01,104 [Worker-10: Building] WARN  o.e.m.c.i.embedder.EclipseLogger - The POM for org.processing:core:jar:3.3.7 is invalid, transitive dependencies (if any) will not be available, enable debug logging for more details
2020-03-17 12:07:01,133 [Worker-10: Building] INFO  o.e.m.c.i.p.WorkspaceClassifierResolverManager - Resolving P/agent-lib: org.jpavlich:agent-lib:0.0.1-SNAPSHOT with classifier  to /agent-lib/target/classes
2020-03-17 12:07:01,138 [Worker-10: Building] INFO  o.e.m.c.i.embedder.EclipseLogger - Using 'UTF-8' encoding to copy filtered resources.
2020-03-17 12:07:01,138 [Worker-10: Building] INFO  o.e.m.c.i.embedder.EclipseLogger - skip non existing resourceDirectory D:\Datos\Documents\Sergio Andrés\Javeriana\VII Semestre\Lenguajes de Programación\workspace\Car\src\main\resources
2020-03-17 12:07:01,140 [Worker-10: Building] INFO  o.e.m.c.i.embedder.EclipseLogger - Using 'UTF-8' encoding to copy filtered resources.
2020-03-17 12:07:01,141 [Worker-10: Building] INFO  o.e.m.c.i.embedder.EclipseLogger - skip non existing resourceDirectory D:\Datos\Documents\Sergio Andrés\Javeriana\VII Semestre\Lenguajes de Programación\workspace\Car\src\test\resources
2020-03-17 12:07:01,514 [Worker-10: Building] WARN  o.e.m.c.i.embedder.EclipseLogger - The POM for org.processing:core:jar:3.3.7 is invalid, transitive dependencies (if any) will not be available, enable debug logging for more details
2020-03-17 12:07:01,530 [Worker-10: Building] INFO  o.e.m.c.i.embedder.EclipseLogger - Using 'UTF-8' encoding to copy filtered resources.
2020-03-17 12:07:01,583 [Worker-10: Building] INFO  o.e.m.c.i.embedder.EclipseLogger - Copying 0 resource
2020-03-17 12:07:01,584 [Worker-10: Building] INFO  o.e.m.c.i.embedder.EclipseLogger - Using 'UTF-8' encoding to copy filtered resources.
2020-03-17 12:07:01,585 [Worker-10: Building] INFO  o.e.m.c.i.embedder.EclipseLogger - skip non existing resourceDirectory D:\Datos\Documents\Sergio Andrés\Javeriana\VII Semestre\Lenguajes de Programación\workspace\agent-lib\src\test\resources
2020-03-17 12:08:04,272 [Worker-13: Updating Maven Project] INFO  o.e.m.c.i.p.ProjectConfigurationManager - Update started
2020-03-17 12:08:04,492 [Worker-13: Updating Maven Project] INFO  o.e.m.c.i.l.LifecycleMappingFactory - Using org.eclipse.m2e.jdt.JarLifecycleMapping lifecycle mapping for MavenProject: co.edu.javeriana:car:0.0.1-SNAPSHOT @ D:\Datos\Documents\Sergio Andrés\Javeriana\VII Semestre\Lenguajes de Programación\workspace\Car\pom.xml.
2020-03-17 12:08:04,728 [Worker-13: Updating Maven Project] WARN  o.e.m.c.i.embedder.EclipseLogger - The POM for org.processing:core:jar:3.3.7 is invalid, transitive dependencies (if any) will not be available, enable debug logging for more details
2020-03-17 12:08:04,757 [Worker-13: Updating Maven Project] INFO  o.e.m.c.i.p.WorkspaceClassifierResolverManager - Resolving P/agent-lib: org.jpavlich:agent-lib:0.0.1-SNAPSHOT with classifier  to /agent-lib/target/classes
2020-03-17 12:08:05,014 [Worker-13: Updating Maven Project] INFO  o.e.m.j.i.AbstractJavaProjectConfigurator - Adding source folder /Car/src/main/java
2020-03-17 12:08:05,014 [Worker-13: Updating Maven Project] INFO  o.e.m.j.i.AbstractJavaProjectConfigurator - Adding source folder /Car/src/test/java
2020-03-17 12:08:05,470 [Worker-13: Updating Maven Project] INFO  o.e.m.c.i.p.ProjectConfigurationManager - Update completed: 1 sec
2020-03-17 12:08:11,035 [Worker-16: Building] WARN  o.e.m.c.i.embedder.EclipseLogger - The POM for org.processing:core:jar:3.3.7 is invalid, transitive dependencies (if any) will not be available, enable debug logging for more details
2020-03-17 12:08:11,075 [Worker-16: Building] INFO  o.e.m.c.i.p.WorkspaceClassifierResolverManager - Resolving P/agent-lib: org.jpavlich:agent-lib:0.0.1-SNAPSHOT with classifier  to /agent-lib/target/classes
2020-03-17 12:08:11,080 [Worker-16: Building] INFO  o.e.m.c.i.embedder.EclipseLogger - Using 'UTF-8' encoding to copy filtered resources.
2020-03-17 12:08:11,080 [Worker-16: Building] INFO  o.e.m.c.i.embedder.EclipseLogger - skip non existing resourceDirectory D:\Datos\Documents\Sergio Andrés\Javeriana\VII Semestre\Lenguajes de Programación\workspace\Car\src\main\resources
2020-03-17 12:08:11,081 [Worker-16: Building] INFO  o.e.m.c.i.embedder.EclipseLogger - Using 'UTF-8' encoding to copy filtered resources.
2020-03-17 12:08:11,082 [Worker-16: Building] INFO  o.e.m.c.i.embedder.EclipseLogger - skip non existing resourceDirectory D:\Datos\Documents\Sergio Andrés\Javeriana\VII Semestre\Lenguajes de Programación\workspace\Car\src\test\resources
2020-03-17 12:11:58,808 [Worker-10: Cleaning all projects] INFO  o.e.m.c.i.embedder.EclipseLogger - Using 'UTF-8' encoding to copy filtered resources.
2020-03-17 12:11:58,809 [Worker-10: Cleaning all projects] INFO  o.e.m.c.i.embedder.EclipseLogger - skip non existing resourceDirectory D:\Datos\Documents\Sergio Andrés\Javeriana\VII Semestre\Lenguajes de Programación\workspace\Car\src\main\resources
2020-03-17 12:11:58,811 [Worker-10: Cleaning all projects] INFO  o.e.m.c.i.embedder.EclipseLogger - Using 'UTF-8' encoding to copy filtered resources.
2020-03-17 12:11:58,811 [Worker-10: Cleaning all projects] INFO  o.e.m.c.i.embedder.EclipseLogger - skip non existing resourceDirectory D:\Datos\Documents\Sergio Andrés\Javeriana\VII Semestre\Lenguajes de Programación\workspace\Car\src\test\resources
2020-03-17 12:11:59,413 [Worker-10: Cleaning all projects] INFO  o.e.m.c.i.embedder.EclipseLogger - Using 'UTF-8' encoding to copy filtered resources.
2020-03-17 12:11:59,414 [Worker-10: Cleaning all projects] INFO  o.e.m.c.i.embedder.EclipseLogger - Copying 0 resource
2020-03-17 12:11:59,415 [Worker-10: Cleaning all projects] INFO  o.e.m.c.i.embedder.EclipseLogger - Using 'UTF-8' encoding to copy filtered resources.
2020-03-17 12:11:59,415 [Worker-10: Cleaning all projects] INFO  o.e.m.c.i.embedder.EclipseLogger - skip non existing resourceDirectory D:\Datos\Documents\Sergio Andrés\Javeriana\VII Semestre\Lenguajes de Programación\workspace\agent-lib\src\test\resources
2020-03-17 12:11:59,484 [Worker-10: Cleaning all projects] INFO  o.e.m.c.i.embedder.EclipseLogger - Using 'UTF-8' encoding to copy filtered resources.
2020-03-17 12:11:59,484 [Worker-10: Cleaning all projects] INFO  o.e.m.c.i.embedder.EclipseLogger - skip non existing resourceDirectory D:\Datos\Documents\Sergio Andrés\Javeriana\VII Semestre\Lenguajes de Programación\workspace\Car\src\main\resources
2020-03-17 12:11:59,486 [Worker-10: Cleaning all projects] INFO  o.e.m.c.i.embedder.EclipseLogger - Using 'UTF-8' encoding to copy filtered resources.
2020-03-17 12:11:59,486 [Worker-10: Cleaning all projects] INFO  o.e.m.c.i.embedder.EclipseLogger - skip non existing resourceDirectory D:\Datos\Documents\Sergio Andrés\Javeriana\VII Semestre\Lenguajes de Programación\workspace\Car\src\test\resources
2020-03-17 12:12:33,394 [Worker-10: Updating Maven Dependencies] INFO  o.e.m.c.i.l.LifecycleMappingFactory - Using org.eclipse.m2e.jdt.JarLifecycleMapping lifecycle mapping for MavenProject: co.edu.javeriana:car:0.0.1-SNAPSHOT @ D:\Datos\Documents\Sergio Andrés\Javeriana\VII Semestre\Lenguajes de Programación\workspace\Car\pom.xml.
2020-03-17 12:12:35,010 [Worker-10: Updating Maven Dependencies] WARN  o.e.m.c.i.embedder.EclipseLogger - The POM for org.processing:core:jar:3.3.7 is invalid, transitive dependencies (if any) will not be available, enable debug logging for more details
2020-03-17 12:14:29,145 [Worker-17: Importing Maven projects] INFO  o.e.m.c.i.l.LifecycleMappingFactory - Using org.eclipse.m2e.jdt.JarLifecycleMapping lifecycle mapping for MavenProject: co.edu.javeriana:car:0.0.1-SNAPSHOT @ D:\Datos\Documents\Sergio Andrés\Javeriana\VII Semestre\Lenguajes de Programación\workspace\Car\pom.xml.
2020-03-17 12:14:29,346 [Worker-17: Importing Maven projects] WARN  o.e.m.c.i.embedder.EclipseLogger - The POM for org.processing:core:jar:3.3.7 is invalid, transitive dependencies (if any) will not be available, enable debug logging for more details
2020-03-17 12:14:29,384 [Worker-17: Importing Maven projects] INFO  o.e.m.c.i.p.WorkspaceClassifierResolverManager - Resolving P/agent-lib: org.jpavlich:agent-lib:0.0.1-SNAPSHOT with classifier  to /agent-lib/target/classes
2020-03-17 12:14:29,539 [Worker-17: Importing Maven projects] INFO  o.e.m.c.i.l.LifecycleMappingFactory - Using org.eclipse.m2e.jdt.JarLifecycleMapping lifecycle mapping for MavenProject: org.jpavlich:agent-lib:0.0.1-SNAPSHOT @ D:\Datos\Documents\Sergio Andrés\Javeriana\VII Semestre\Lenguajes de Programación\workspace\agent-lib\pom.xml.
2020-03-17 12:14:29,713 [Worker-17: Importing Maven projects] INFO  o.e.m.c.i.l.LifecycleMappingFactory - Using org.eclipse.m2e.jdt.JarLifecycleMapping lifecycle mapping for MavenProject: co.edu.javeriana:car:0.0.1-SNAPSHOT @ D:\Datos\Documents\Sergio Andrés\Javeriana\VII Semestre\Lenguajes de Programación\workspace\Car\pom.xml.
2020-03-17 12:14:29,732 [Worker-17: Importing Maven projects] INFO  o.e.m.c.i.p.WorkspaceClassifierResolverManager - Resolving P/agent-lib: org.jpavlich:agent-lib:0.0.1-SNAPSHOT with classifier  to /agent-lib/target/classes
2020-03-17 12:14:31,478 [Worker-17: Importing Maven projects] INFO  o.e.m.j.i.AbstractJavaProjectConfigurator - Adding source folder /agent-lib/src/main/java
2020-03-17 12:14:31,478 [Worker-17: Importing Maven projects] INFO  o.e.m.j.i.AbstractJavaProjectConfigurator - Adding resource folder /agent-lib/src/main/resources
2020-03-17 12:14:31,479 [Worker-17: Importing Maven projects] INFO  o.e.m.j.i.AbstractJavaProjectConfigurator - Adding source folder /agent-lib/src/test/java
2020-03-17 12:14:31,532 [Worker-17: Importing Maven projects] INFO  o.e.m.j.i.AbstractJavaProjectConfigurator - Adding source folder /Car/src/main/java
2020-03-17 12:14:31,533 [Worker-17: Importing Maven projects] INFO  o.e.m.j.i.AbstractJavaProjectConfigurator - Adding source folder /Car/src/test/java
2020-03-17 12:14:31,780 [Worker-17: Importing Maven projects] INFO  o.e.m.c.i.p.ProjectConfigurationManager - Imported and configured 2 project(s) in 5 sec
2020-03-17 12:14:33,348 [Worker-21: Building] WARN  o.e.m.c.i.embedder.EclipseLogger - The POM for org.processing:core:jar:3.3.7 is invalid, transitive dependencies (if any) will not be available, enable debug logging for more details
2020-03-17 12:14:33,433 [Worker-21: Building] INFO  o.e.m.c.i.embedder.EclipseLogger - Using 'UTF-8' encoding to copy filtered resources.
2020-03-17 12:14:33,434 [Worker-21: Building] INFO  o.e.m.c.i.embedder.EclipseLogger - Copying 0 resource
2020-03-17 12:14:33,436 [Worker-21: Building] INFO  o.e.m.c.i.embedder.EclipseLogger - Using 'UTF-8' encoding to copy filtered resources.
2020-03-17 12:14:33,436 [Worker-21: Building] INFO  o.e.m.c.i.embedder.EclipseLogger - skip non existing resourceDirectory D:\Datos\Documents\Sergio Andrés\Javeriana\VII Semestre\Lenguajes de Programación\workspace\agent-lib\src\test\resources
2020-03-17 12:14:38,318 [Worker-21: Building] WARN  o.e.m.c.i.embedder.EclipseLogger - The POM for org.processing:core:jar:3.3.7 is invalid, transitive dependencies (if any) will not be available, enable debug logging for more details
2020-03-17 12:14:38,349 [Worker-21: Building] INFO  o.e.m.c.i.p.WorkspaceClassifierResolverManager - Resolving P/agent-lib: org.jpavlich:agent-lib:0.0.1-SNAPSHOT with classifier  to /agent-lib/target/classes
2020-03-17 12:14:38,354 [Worker-21: Building] INFO  o.e.m.c.i.embedder.EclipseLogger - Using 'UTF-8' encoding to copy filtered resources.
2020-03-17 12:14:38,354 [Worker-21: Building] INFO  o.e.m.c.i.embedder.EclipseLogger - skip non existing resourceDirectory D:\Datos\Documents\Sergio Andrés\Javeriana\VII Semestre\Lenguajes de Programación\workspace\Car\src\main\resources
2020-03-17 12:14:38,355 [Worker-21: Building] INFO  o.e.m.c.i.embedder.EclipseLogger - Using 'UTF-8' encoding to copy filtered resources.
2020-03-17 12:14:38,355 [Worker-21: Building] INFO  o.e.m.c.i.embedder.EclipseLogger - skip non existing resourceDirectory D:\Datos\Documents\Sergio Andrés\Javeriana\VII Semestre\Lenguajes de Programación\workspace\Car\src\test\resources
2020-03-17 12:19:02,488 [Worker-22: Building] INFO  o.e.m.c.i.embedder.EclipseLogger - Using 'UTF-8' encoding to copy filtered resources.
2020-03-17 12:19:02,490 [Worker-22: Building] INFO  o.e.m.c.i.embedder.EclipseLogger - Copying 0 resource
2020-03-17 12:19:02,492 [Worker-22: Building] INFO  o.e.m.c.i.embedder.EclipseLogger - Using 'UTF-8' encoding to copy filtered resources.
2020-03-17 12:19:02,492 [Worker-22: Building] INFO  o.e.m.c.i.embedder.EclipseLogger - skip non existing resourceDirectory D:\Datos\Documents\Sergio Andrés\Javeriana\VII Semestre\Lenguajes de Programación\workspace\agent-lib\src\test\resources
2020-03-17 12:19:02,512 [Worker-22: Building] INFO  o.e.m.c.i.embedder.EclipseLogger - Using 'UTF-8' encoding to copy filtered resources.
2020-03-17 12:19:02,512 [Worker-22: Building] INFO  o.e.m.c.i.embedder.EclipseLogger - skip non existing resourceDirectory D:\Datos\Documents\Sergio Andrés\Javeriana\VII Semestre\Lenguajes de Programación\workspace\Car\src\main\resources
2020-03-17 12:19:02,513 [Worker-22: Building] INFO  o.e.m.c.i.embedder.EclipseLogger - Using 'UTF-8' encoding to copy filtered resources.
2020-03-17 12:19:02,513 [Worker-22: Building] INFO  o.e.m.c.i.embedder.EclipseLogger - skip non existing resourceDirectory D:\Datos\Documents\Sergio Andrés\Javeriana\VII Semestre\Lenguajes de Programación\workspace\Car\src\test\resources
2020-03-17 12:19:12,257 [Worker-22: Building] INFO  o.e.m.c.i.embedder.EclipseLogger - Using 'UTF-8' encoding to copy filtered resources.
2020-03-17 12:19:12,257 [Worker-22: Building] INFO  o.e.m.c.i.embedder.EclipseLogger - Copying 0 resource
2020-03-17 12:19:12,259 [Worker-22: Building] INFO  o.e.m.c.i.embedder.EclipseLogger - Using 'UTF-8' encoding to copy filtered resources.
2020-03-17 12:19:12,259 [Worker-22: Building] INFO  o.e.m.c.i.embedder.EclipseLogger - skip non existing resourceDirectory D:\Datos\Documents\Sergio Andrés\Javeriana\VII Semestre\Lenguajes de Programación\workspace\agent-lib\src\test\resources
2020-03-17 12:19:14,890 [Worker-22: Building] INFO  o.e.m.c.i.embedder.EclipseLogger - Using 'UTF-8' encoding to copy filtered resources.
2020-03-17 12:19:14,890 [Worker-22: Building] INFO  o.e.m.c.i.embedder.EclipseLogger - skip non existing resourceDirectory D:\Datos\Documents\Sergio Andrés\Javeriana\VII Semestre\Lenguajes de Programación\workspace\Car\src\main\resources
2020-03-17 12:19:14,892 [Worker-22: Building] INFO  o.e.m.c.i.embedder.EclipseLogger - Using 'UTF-8' encoding to copy filtered resources.
2020-03-17 12:19:14,892 [Worker-22: Building] INFO  o.e.m.c.i.embedder.EclipseLogger - skip non existing resourceDirectory D:\Datos\Documents\Sergio Andrés\Javeriana\VII Semestre\Lenguajes de Programación\workspace\Car\src\test\resources
